{
  "RSpec": {
    "coverage": {
      "/home/congenial-abstraction-7437/tic-tac-toe-rb-online-web-sp-000/lib/tic_tac_toe.rb": [
        null,
        1,
        5,
        5,
        5,
        5,
        5,
        null,
        null,
        1,
        13,
        null,
        null,
        1,
        3,
        null,
        null,
        1,
        0,
        null,
        null,
        1,
        13,
        null,
        null,
        1,
        13,
        13,
        10,
        10,
        9,
        0,
        null,
        1,
        null,
        null,
        null,
        null,
        1,
        12,
        12,
        12,
        0,
        null,
        null,
        null,
        null,
        null,
        null,
        null,
        null,
        1,
        22,
        null,
        null,
        null,
        null,
        1,
        null,
        null,
        null,
        null,
        null,
        null,
        null,
        null,
        1,
        10,
        70,
        null,
        null,
        null,
        null,
        null,
        1,
        59,
        null,
        null,
        1,
        5,
        null,
        null,
        1,
        3,
        null,
        null,
        1,
        3,
        2,
        null,
        null,
        null,
        1,
        2,
        2,
        18,
        5,
        null,
        null,
        2,
        null,
        null,
        1,
        1,
        null
      ]
    },
    "timestamp": 1555703362
  }
}
